<?xml version="1.0" encoding="UTF-8"?>
<!-- Generated by org.testng.reporters.JUnitReportReporter -->
<testsuite hostname="MSI" failures="0" tests="1" name="testCases.TC_002MyAccount" time="1.341" errors="0" timestamp="2025-07-18T16:16:13 CEST" skipped="0">
  <testcase classname="testCases.TC_002MyAccount" name="verify_Account_login" time="1.341"/>
</testsuite> <!-- testCases.TC_002MyAccount -->
